  lex.yy.c
flexample.l(30,11): error C2065: 'AS': undeclared identifier
flexample.l(31,16): error C2065: 'BOOLEAN': undeclared identifier
flexample.l(32,13): error C2065: 'CASE': undeclared identifier
flexample.l(33,14): error C2065: 'CONST': undeclared identifier
flexample.l(34,12): error C2065: 'DIM': undeclared identifier
flexample.l(35,11): error C2065: 'DO': undeclared identifier
flexample.l(36,15): error C2065: 'DOUBLE': undeclared identifier
flexample.l(37,13): error C2065: 'ELSE': undeclared identifier
flexample.l(38,15): error C2065: 'ELSEIF': undeclared identifier
flexample.l(39,12): error C2065: 'END': undeclared identifier
flexample.l(40,14): error C2065: 'ENDIF': undeclared identifier
flexample.l(41,12): error C2065: 'FOR': undeclared identifier
flexample.l(42,15): error C2065: 'FRIEND': undeclared identifier
flexample.l(43,17): error C2065: 'FUNCTION': undeclared identifier
flexample.l(44,12): error C2065: 'INT': undeclared identifier
flexample.l(45,15): error C2065: 'MODULE': undeclared identifier
flexample.l(46,16): error C2065: 'PRIVATE': undeclared identifier
flexample.l(47,18): error C2065: 'PROTECTED': undeclared identifier
flexample.l(48,15): error C2065: 'PUBLIC': undeclared identifier
flexample.l(49,15): error C2065: 'RETURN': undeclared identifier
flexample.l(50,15): error C2065: 'SELECT': undeclared identifier
flexample.l(51,12): error C2065: 'SUB': undeclared identifier
flexample.l(52,13): error C2065: 'THEN': undeclared identifier
flexample.l(53,14): error C2065: 'WHILE': undeclared identifier
flexample.l(55,22): error C2065: 'ASSIGN_EQUALS': undeclared identifier
flexample.l(56,24): error C2065: 'ARITHMETIC_PLUS': undeclared identifier
flexample.l(57,25): error C2065: 'ARITHMETIC_MINUS': undeclared identifier
flexample.l(58,17): error C2065: 'EXPONENT': undeclared identifier
flexample.l(59,13): error C2065: 'MULT': undeclared identifier
flexample.l(60,21): error C2065: 'ORD_DIVISION': undeclared identifier
flexample.l(61,21): error C2065: 'INT_DIVISION': undeclared identifier
flexample.l(62,13): error C2065: 'LESS': undeclared identifier
flexample.l(63,13): error C2065: 'MORE': undeclared identifier
flexample.l(64,22): error C2065: 'LESS_OR_EQUAL': undeclared identifier
flexample.l(65,22): error C2065: 'MORE_OR_EQUAL': undeclared identifier
flexample.l(66,18): error C2065: 'NOT_EQUAL': undeclared identifier
flexample.l(67,15): error C2065: 'CONCAT': undeclared identifier
flexample.l(68,25): error C2065: 'ASSIGN_CONSTRUCT': undeclared identifier
flexample.l(69,20): error C2065: 'ASSIGN_MULT': undeclared identifier
flexample.l(70,23): error C2065: 'ASSIGN_ORD_DIV': undeclared identifier
flexample.l(71,23): error C2065: 'ASSIGN_INT_DIV': undeclared identifier
flexample.l(72,19): error C2065: 'ASSIGN_ADD': undeclared identifier
flexample.l(73,19): error C2065: 'ASSIGN_SUB': undeclared identifier
flexample.l(74,22): error C2065: 'ASSIGN_LSHIFT': undeclared identifier
flexample.l(75,22): error C2065: 'ASSIGN_RSHIFT': undeclared identifier
flexample.l(76,22): error C2065: 'ASSIGN_CONCAT': undeclared identifier
flexample.l(85,24): error C2065: 'yylval': undeclared identifier
flexample.l(85,25): error C2224: left of '.string_const' must have struct/union type
flexample.l(85,82): error C2065: 'yylval': undeclared identifier
flexample.l(85,83): error C2224: left of '.datetime_val' must have struct/union type
flexample.l(85,75): error C2198: 'strcpy': too few arguments for call
flexample.l(85,124): error C2065: 'DATETIME_VALUE': undeclared identifier
flexample.l(93,26): error C2065: 'yylval': undeclared identifier
flexample.l(93,27): error C2224: left of '.str_val' must have struct/union type
flexample.l(93,79): error C2065: 'yylval': undeclared identifier
flexample.l(93,80): error C2224: left of '.str_val' must have struct/union type
flexample.l(93,72): error C2198: 'strcpy': too few arguments for call
flexample.l(93,114): error C2065: 'STRING_VALUE': undeclared identifier
flexample.l(95,36): error C2065: 'yylval': undeclared identifier
flexample.l(95,37): error C2224: left of '.int_val' must have struct/union type
flexample.l(95,77): error C2065: 'INT_VALUE': undeclared identifier
flexample.l(96,104): error C2065: 'INT_VALUE': undeclared identifier
flexample.l(97,103): error C2065: 'INT_VALUE': undeclared identifier
flexample.l(98,8): error C2065: 'yylval': undeclared identifier
flexample.l(98,9): error C2224: left of '.double_val' must have struct/union type
flexample.l(98,55): error C2065: 'DOUBLE_VALUE': undeclared identifier
flexample.l(104,8): error C2065: 'yylval': undeclared identifier
flexample.l(104,9): error C2224: left of '.bool_val' must have struct/union type
flexample.l(104,43): error C2065: 'BOOLEAN_VALUE': undeclared identifier
flexample.l(105,8): error C2065: 'yylval': undeclared identifier
flexample.l(105,9): error C2224: left of '.bool_val' must have struct/union type
flexample.l(105,43): error C2065: 'BOOLEAN_VALUE': undeclared identifier
flexample.l(106,20): error C2065: 'END_OF_LINE': undeclared identifier
flexample.l(108,8): error C2065: 'yylval': undeclared identifier
flexample.l(108,9): error C2224: left of '.id_name' must have struct/union type
flexample.l(108,50): error C2065: 'IDENTIFIER_VALUE': undeclared identifier
flexample.l(84,3): error C4996: 'strcat': This function or variable may be unsafe. Consider using strcat_s instead. To disable deprecation, use _CRT_SECURE_NO_WARNINGS. See online help for details.
flexample.l(85,69): error C4996: 'strcpy': This function or variable may be unsafe. Consider using strcpy_s instead. To disable deprecation, use _CRT_SECURE_NO_WARNINGS. See online help for details.
flexample.l(90,3): error C4996: 'strcat': This function or variable may be unsafe. Consider using strcat_s instead. To disable deprecation, use _CRT_SECURE_NO_WARNINGS. See online help for details.
flexample.l(91,3): error C4996: 'strcat': This function or variable may be unsafe. Consider using strcat_s instead. To disable deprecation, use _CRT_SECURE_NO_WARNINGS. See online help for details.
flexample.l(93,66): error C4996: 'strcpy': This function or variable may be unsafe. Consider using strcpy_s instead. To disable deprecation, use _CRT_SECURE_NO_WARNINGS. See online help for details.
