  print_tree.c
Q:\Uni\tfiaimt\VBCompiler\tree\print_tree.c(220,3): warning C4013: 'parceFunctionOrSubList' undefined; assuming extern returning int
Q:\Uni\tfiaimt\VBCompiler\tree\print_tree.c(258,33): warning C4133: 'function': incompatible types - from 'ExpressionList *' to 'ParameterListOrEmpty *'
Q:\Uni\tfiaimt\VBCompiler\tree\print_tree.c(384,35): warning C4133: 'function': incompatible types - from 'StatementMulti *' to 'StatementSingle *'
Q:\Uni\tfiaimt\VBCompiler\tree\print_tree.c(400,4): warning C4013: 'parseIfStatementSingle' undefined; assuming extern returning int
Q:\Uni\tfiaimt\VBCompiler\tree\print_tree.c(403,4): warning C4013: 'parseDeclarationStatementSingle' undefined; assuming extern returning int
Q:\Uni\tfiaimt\VBCompiler\tree\print_tree.c(406,4): warning C4013: 'parseExpressionSingle' undefined; assuming extern returning int
Q:\Uni\tfiaimt\VBCompiler\tree\print_tree.c(412,42): warning C4028: formal parameter 1 different from declaration
Q:\Uni\tfiaimt\VBCompiler\tree\print_tree.c(422,4): warning C4013: 'parseIfStatementMulti' undefined; assuming extern returning int
Q:\Uni\tfiaimt\VBCompiler\tree\print_tree.c(425,4): warning C4013: 'parseDeclarationStatementMulti' undefined; assuming extern returning int
Q:\Uni\tfiaimt\VBCompiler\tree\print_tree.c(428,4): warning C4013: 'parseExpressionMulti' undefined; assuming extern returning int
Q:\Uni\tfiaimt\VBCompiler\tree\print_tree.c(632,32): warning C4133: 'function': incompatible types - from 'CaseList *' to 'CaseStmt *'
print_tree.obj : error LNK2019: unresolved external symbol parceFunctionOrSubList referenced in function parseModule
print_tree.obj : error LNK2019: unresolved external symbol parseIfStatementSingle referenced in function parseStatementSingle
print_tree.obj : error LNK2019: unresolved external symbol parseDeclarationStatementSingle referenced in function parseStatementSingle
print_tree.obj : error LNK2019: unresolved external symbol parseExpressionSingle referenced in function parseStatementSingle
print_tree.obj : error LNK2019: unresolved external symbol parseIfStatementMulti referenced in function parseStatementMulti
print_tree.obj : error LNK2019: unresolved external symbol parseDeclarationStatementMulti referenced in function parseStatementMulti
print_tree.obj : error LNK2019: unresolved external symbol parseExpressionMulti referenced in function parseStatementMulti
MSVCRTD.lib(exe_main.obj) : error LNK2019: unresolved external symbol main referenced in function "int __cdecl invoke_main(void)" (?invoke_main@@YAHXZ)
Q:\Uni\tfiaimt\VBCompiler\tree\x64\Debug\Tree Print.exe : fatal error LNK1120: 8 unresolved externals
